<?xml version="1.0" encoding="UTF-8"?>
<testsuite name="login" tests="1" skipped="0" failures="0" errors="0" timestamp="2021-04-06T16:56:16" hostname="dfernandezmbp18.local" time="9.361">
  <properties/>
  <testcase name="Submit subscription" classname="login" time="9.361"/>
  <system-out><![CDATA[
Scenario: Submit subscription                                               ?[90m# homework/login.feature:5?[0m
  ?[32mGiven ?[0m?[32ma Höffner login page?[0m                                                ?[90m# homework.stepDefinitions.LoginTest.a_Höffner_login_page()?[0m
  ?[32mWhen ?[0m?[32mI open a page?[0m                                                        ?[90m# homework.stepDefinitions.LoginTest.i_open_a_page()?[0m
  ?[32mThen ?[0m?[32mI can see a newsletter subscription input?[0m                            ?[90m# homework.stepDefinitions.LoginTest.I_can_see_a_newsletter_subscription_input()?[0m
  ?[32mWhen ?[0m?[32menter my email in the input field?[0m                                    ?[90m# homework.stepDefinitions.LoginTest.enter_my_email_in_the_input_field()?[0m
  ?[32mAnd ?[0m?[32mI press Absenden button?[0m                                               ?[90m# homework.stepDefinitions.LoginTest.i_press_absenden_button()?[0m
  ?[32mThen ?[0m?[32mI can see a confirmation message that my subscription is in progress?[0m ?[90m# homework.stepDefinitions.LoginTest.i_can_see_a_confirmation_message_that_my_subscription_is_in_progress()?[0m
]]></system-out>
  <system-err><![CDATA[Starting ChromeDriver 89.0.4389.23 (61b08ee2c50024bab004e48d2b1b083cdbdac579-refs/branch-heads/4389@{#294}) on port 16554
Only local connections are allowed.
Please see https://chromedriver.chromium.org/security-considerations for suggestions on keeping ChromeDriver safe.
ChromeDriver was started successfully.
Apr 06, 2021 11:56:20 AM org.openqa.selenium.remote.ProtocolHandshake createSession
INFO: Detected dialect: W3C
]]></system-err>
</testsuite>
